<?xml version="1.0" encoding="UTF-8"?>
<!-- Generated by org.testng.reporters.JUnitReportReporter -->
<testsuite hostname="DESKTOP-6M9SDA0" failures="0" tests="2" name="guru99Aplication.TestLogin" time="4.024" errors="0" timestamp="2023-11-19T18:39:32 CST" skipped="0">
  <testcase classname="guru99Aplication.TestLogin" name="invocarNavegador" time="3.567"/>
  <system-out/>
  <testcase classname="guru99Aplication.TestLogin" name="verificarLoginAseisNew" time="0.457"/>
  <system-out/>
</testsuite> <!-- guru99Aplication.TestLogin -->
